2019-01-22 12:13:20 INFO  LoginComponent:26 - Browser started
2019-01-22 12:13:24 INFO  LoginComponent:26 - Browser started
2019-01-22 12:14:40 INFO  MainPage:50 - Opened https://mail.ru/.
2019-01-22 12:14:41 INFO  LoginComponent:39 - Entered username :375445930312vk@mail.ru.
2019-01-22 12:14:41 INFO  LoginComponent:42 - Entered password.
2019-01-22 12:14:41 INFO  LoginComponent:52 - Click button 'Войти'.
2019-01-22 12:16:25 INFO  MainPage:61 - Check 'Входящие' button.
2019-01-22 12:16:25 INFO  MainPage:64 - Check 'Написать письмо' button.
2019-01-22 12:16:26 INFO  MainPage:55 - Check username label.
2019-01-22 12:16:31 INFO  LoginComponent:26 - Browser started
2019-01-22 12:17:47 INFO  MainPage:50 - Opened https://mail.ru/.
2019-01-22 12:17:47 INFO  LoginComponent:39 - Entered username :375445930312vk@mail.ru.
2019-01-22 12:17:48 INFO  LoginComponent:42 - Entered password.
2019-01-22 12:17:48 INFO  LoginComponent:52 - Click button 'Войти'.
2019-01-22 12:17:54 INFO  MainPage:61 - Check 'Входящие' button.
2019-01-22 12:17:54 INFO  MainPage:64 - Check 'Написать письмо' button.
2019-01-22 12:17:55 INFO  MainPage:55 - Check username label.
2019-01-22 12:57:41 INFO  LoginComponent:25 - Browser started
2019-01-22 12:58:24 INFO  LoginComponent:25 - Browser started
2019-01-22 12:59:40 INFO  MainPage:49 - Opened https://mail.ru/.
2019-01-22 12:59:40 INFO  LoginComponent:38 - Entered username :375445930312vk@mail.ru.
2019-01-22 12:59:40 INFO  LoginComponent:41 - Entered password.
2019-01-22 12:59:40 INFO  LoginComponent:52 - Click button 'Войти'.
2019-01-22 13:01:19 INFO  MainPage:60 - Check 'Входящие' button.
2019-01-22 13:01:19 INFO  MainPage:63 - Check 'Написать письмо' button.
2019-01-22 13:01:19 INFO  MainPage:54 - Check username label.
2019-01-22 13:04:43 INFO  LoginComponent:27 - Browser started
2019-01-22 13:04:55 INFO  LoginComponent:27 - Browser started
2019-01-22 13:05:08 INFO  LoginComponent:27 - Browser started
2019-01-22 13:05:08 INFO  LoginComponent:27 - Browser started
2019-01-22 13:05:39 INFO  LoginComponent:27 - Browser started
2019-01-22 13:05:39 INFO  LoginComponent:27 - Browser started
2019-01-22 13:06:24 INFO  LoginComponent:27 - Browser started
2019-01-22 13:06:24 INFO  LoginComponent:27 - Browser started
2019-01-22 13:07:40 INFO  MainPage:49 - Opened https://mail.ru/.
2019-01-22 13:07:41 INFO  LoginComponent:38 - Entered username :375445930312vk@mail.ru.
2019-01-22 13:07:41 INFO  LoginComponent:41 - Entered password.
2019-01-22 13:07:41 INFO  LoginComponent:52 - Click button 'Войти'.
2019-01-22 13:07:45 INFO  MainPage:60 - Check 'Входящие' button.
2019-01-22 13:07:46 INFO  MainPage:63 - Check 'Написать письмо' button.
2019-01-22 13:07:46 INFO  MainPage:54 - Check username label.
2019-01-22 13:09:24 INFO  LoginComponent:27 - Browser started
2019-01-22 13:09:24 INFO  LoginComponent:27 - Browser started
2019-01-22 13:10:40 INFO  MainPage:49 - Opened https://mail.ru/.
2019-01-22 13:10:40 INFO  LoginComponent:38 - Entered username :375445930312vk@mail.ru.
2019-01-22 13:10:40 INFO  LoginComponent:41 - Entered password.
2019-01-22 13:10:40 INFO  LoginComponent:52 - Click button 'Войти'.
2019-01-22 13:10:46 INFO  MainPage:60 - Check 'Входящие' button.
2019-01-22 13:10:47 INFO  MainPage:63 - Check 'Написать письмо' button.
2019-01-22 13:10:47 INFO  MainPage:54 - Check username label.
2019-01-22 13:10:48 INFO  LoginComponent:35 - Browser quited
2019-01-22 14:29:16 INFO  MainPage:49 - Opened https://mail.ru/.
2019-01-22 15:01:31 INFO  LoginComponent:27 - Browser started
2019-01-22 15:01:35 INFO  LoginComponent:27 - Browser started
2019-01-22 15:02:00 INFO  LoginComponent:27 - Browser started
2019-01-22 15:02:02 INFO  LoginComponent:27 - Browser started
2019-01-22 15:03:19 INFO  MainPage:49 - Opened https://mail.ru/.
2019-01-22 15:03:19 INFO  LoginComponent:38 - Entered username :375445930312vk@mail.ru.
2019-01-22 15:03:19 INFO  LoginComponent:41 - Entered password.
2019-01-22 15:03:19 INFO  LoginComponent:52 - Click button 'Войти'.
2019-01-22 15:06:38 INFO  MainPage:49 - Opened https://mail.ru/.
2019-01-22 15:06:38 INFO  LoginComponent:38 - Entered username :375445930312vk@mail.ru.
2019-01-22 15:06:38 INFO  LoginComponent:41 - Entered password.
2019-01-22 15:06:38 INFO  LoginComponent:52 - Click button 'Войти'.
2019-01-22 15:06:56 INFO  LoginComponent:22 - Browser quited
2019-01-22 15:16:05 INFO  MainPage:49 - Opened https://mail.ru/.
2019-01-22 15:16:06 INFO  LoginComponent:38 - Entered username :375445930312vk@mail.ru.
2019-01-22 15:16:06 INFO  LoginComponent:41 - Entered password.
2019-01-22 15:16:06 INFO  LoginComponent:52 - Click button 'Войти'.
2019-01-22 15:17:21 INFO  MainPage:70 - Click 'выход' button.
2019-01-22 15:17:21 INFO  MainPage:75 - Check 'Регистрация' label
2019-01-22 15:19:36 INFO  MainPage:49 - Opened https://mail.ru/.
2019-01-22 15:19:36 INFO  LoginComponent:38 - Entered username :375445930312vk@mail.ru.
2019-01-22 15:19:37 INFO  LoginComponent:41 - Entered password.
2019-01-22 15:19:37 INFO  LoginComponent:52 - Click button 'Войти'.
2019-01-22 15:20:52 INFO  MainPage:70 - Click 'выход' button.
2019-01-22 15:20:52 INFO  MainPage:75 - Check 'Регистрация' label
2019-01-22 15:22:25 INFO  MainPage:49 - Opened https://mail.ru/.
2019-01-22 15:22:25 INFO  LoginComponent:38 - Entered username :375445930312vk@mail.ru.
2019-01-22 15:22:25 INFO  LoginComponent:41 - Entered password.
2019-01-22 15:22:25 INFO  LoginComponent:52 - Click button 'Войти'.
2019-01-22 15:23:41 INFO  MainPage:70 - Click 'выход' button.
2019-01-22 15:23:41 INFO  MainPage:75 - Check 'Регистрация' label
2019-01-22 16:18:39 INFO  MainPage:49 - Opened https://mail.ru/.
2019-01-22 16:18:39 INFO  LoginComponent:38 - Entered username :375445930312vk@mail.ru.
2019-01-22 16:18:39 INFO  LoginComponent:41 - Entered password.
2019-01-22 16:18:39 INFO  LoginComponent:52 - Click button 'Войти'.
2019-01-22 16:20:16 INFO  MainPage:70 - Click 'выход' button.
2019-01-22 16:20:16 INFO  MainPage:75 - Check 'Регистрация' label
